24/02/2023 02:09:35  - root - DEBUG - 57.0
24/02/2023 02:09:35  - root - INFO -   57.0%
24/02/2023 02:09:35  - root - DEBUG - 59.0
24/02/2023 02:09:35  - root - INFO -   59.0%
24/02/2023 02:09:35  - root - DEBUG - 54.0
24/02/2023 02:09:35  - root - INFO -   54.0%
24/02/2023 02:09:35  - root - DEBUG - 69.0
24/02/2023 02:09:35  - root - INFO -   69.0%
24/02/2023 02:09:35  - root - DEBUG - 72.0
24/02/2023 02:09:35  - root - INFO -   72.0%
24/02/2023 02:09:35  - root - DEBUG - 72.0
24/02/2023 02:09:35  - root - INFO -   72.0%
24/02/2023 02:09:35  - root - DEBUG - 62.0
24/02/2023 02:09:35  - root - INFO -   62.0%
24/02/2023 02:09:35  - root - DEBUG - 62.0
24/02/2023 02:09:35  - root - INFO -   62.0%
24/02/2023 02:09:35  - root - DEBUG - 55.0
24/02/2023 02:09:35  - root - INFO -   55.0%
24/02/2023 02:09:35  - root - DEBUG - 68.0
24/02/2023 02:09:35  - root - INFO -   68.0%
24/02/2023 02:09:35  - root - DEBUG - 55.0
24/02/2023 02:09:35  - root - INFO -   55.0%
24/02/2023 02:09:35  - root - DEBUG - 65.0
24/02/2023 02:09:35  - root - INFO -   65.0%
24/02/2023 02:09:36  - root - DEBUG - 63.0
24/02/2023 02:09:36  - root - INFO -   63.0%
24/02/2023 02:09:36  - root - DEBUG - 74.0
24/02/2023 02:09:36  - root - INFO -   74.0%
24/02/2023 02:09:36  - root - DEBUG - 64.0
24/02/2023 02:09:36  - root - INFO -   64.0%
24/02/2023 02:09:36  - root - DEBUG - 72.0
24/02/2023 02:09:36  - root - INFO -   72.0%
24/02/2023 02:09:36  - root - DEBUG - 75.0
24/02/2023 02:09:36  - root - INFO -   75.0%
24/02/2023 02:09:36  - root - DEBUG - 71.0
24/02/2023 02:09:36  - root - INFO -   71.0%
24/02/2023 02:09:36  - root - DEBUG - 71.0
24/02/2023 02:09:36  - root - INFO -   71.0%
24/02/2023 02:09:36  - root - DEBUG - 70.0
24/02/2023 02:09:36  - root - INFO -   70.0%
24/02/2023 02:09:36  - root - DEBUG - 72.0
24/02/2023 02:09:36  - root - INFO -   72.0%
24/02/2023 02:09:36  - root - DEBUG - 70.0
24/02/2023 02:09:36  - root - INFO -   70.0%
24/02/2023 02:09:36  - root - DEBUG - 67.0
24/02/2023 02:09:36  - root - INFO -   67.0%
24/02/2023 02:09:36  - root - DEBUG - 68.0
24/02/2023 02:09:36  - root - INFO -   68.0%
24/02/2023 02:09:36  - root - DEBUG - 68.0
24/02/2023 02:09:36  - root - INFO -   68.0%
24/02/2023 02:09:36  - root - DEBUG - 69.0
24/02/2023 02:09:36  - root - INFO -   69.0%
24/02/2023 02:09:36  - root - DEBUG - 78.0
24/02/2023 02:09:36  - root - INFO -   78.0%
24/02/2023 02:09:36  - root - DEBUG - 78.0
24/02/2023 02:09:36  - root - INFO -   78.0%
24/02/2023 02:09:36  - root - DEBUG - 70.0
24/02/2023 02:09:36  - root - INFO -   70.0%
24/02/2023 02:09:37  - root - DEBUG - 71.0
24/02/2023 02:09:46 AM - root - DEBUG - 116.0
24/02/2023 02:09:46 AM - root - INFO - 0%
24/02/2023 02:09:47  - root - DEBUG - 116.0
24/02/2023 02:09:47  - root - INFO - 0%
24/02/2023 02:09:47  - root - DEBUG - 112.0
24/02/2023 02:09:47  - root - INFO - 0%
24/02/2023 02:09:47  - root - DEBUG - 111.0
24/02/2023 02:09:47  - root - INFO - 0%
24/02/2023 02:09:47  - root - DEBUG - 110.0
24/02/2023 02:09:47  - root - INFO - 0%
24/02/2023 02:09:47  - root - DEBUG - 112.0
24/02/2023 02:09:47  - root - INFO - 0%
24/02/2023 02:09:47  - root - DEBUG - 115.0
24/02/2023 02:09:47  - root - INFO - 0%
24/02/2023 02:09:47  - root - DEBUG - 111.0
24/02/2023 02:09:47  - root - INFO - 0%
24/02/2023 02:09:47  - root - DEBUG - 113.0
24/02/2023 02:09:47  - root - INFO - 0%
24/02/2023 02:09:47  - root - DEBUG - 111.0
24/02/2023 02:09:47  - root - INFO - 0%
24/02/2023 02:09:47  - root - DEBUG - 113.0
24/02/2023 02:09:47  - root - INFO - 0%
24/02/2023 02:09:47  - root - DEBUG - 113.0
24/02/2023 02:09:47  - root - INFO - 0%
24/02/2023 02:09:47  - root - DEBUG - 113.0
24/02/2023 02:09:47  - root - INFO - 0%
24/02/2023 02:09:48  - root - DEBUG - 112.0
24/02/2023 02:09:48  - root - INFO - 0%
24/02/2023 02:09:48  - root - DEBUG - 113.0
24/02/2023 02:09:48  - root - INFO - 0%
24/02/2023 02:09:48  - root - DEBUG - 112.0
24/02/2023 02:09:48  - root - INFO - 0%
24/02/2023 02:09:48  - root - DEBUG - 109.0
24/02/2023 02:09:48  - root - INFO - 0%
24/02/2023 02:09:48  - root - DEBUG - 112.0
24/02/2023 02:09:48  - root - INFO - 0%
24/02/2023 02:09:48  - root - DEBUG - 113.0
24/02/2023 02:09:48  - root - INFO - 0%
24/02/2023 02:09:48  - root - DEBUG - 109.0
24/02/2023 02:09:48  - root - INFO - 0%
24/02/2023 02:09:48  - root - DEBUG - 109.0
24/02/2023 02:09:48  - root - INFO - 0%
24/02/2023 02:09:48  - root - DEBUG - 109.0
24/02/2023 02:09:48  - root - INFO - 0%
24/02/2023 02:09:48  - root - DEBUG - 109.0
24/02/2023 02:09:48  - root - INFO - 0%
24/02/2023 02:09:48  - root - DEBUG - 110.0
24/02/2023 02:09:48  - root - INFO - 0%
24/02/2023 02:09:48  - root - DEBUG - 111.0
24/02/2023 02:09:48  - root - INFO - 0%
24/02/2023 02:09:48  - root - DEBUG - 110.0
24/02/2023 02:09:48  - root - INFO - 0%
24/02/2023 02:09:48  - root - DEBUG - 111.0
24/02/2023 02:09:48  - root - INFO - 0%
24/02/2023 02:09:48  - root - DEBUG - 110.0
24/02/2023 02:09:48  - root - INFO - 0%
24/02/2023 02:09:49  - root - DEBUG - 112.0
24/02/2023 02:09:49  - root - INFO - 0%
24/02/2023 02:09:49  - root - DEBUG - 111.0
